# JRE version: OpenJDK Runtime Environment (8.0_242-b01) (build 1.8.0_242-release-1644-b01)
# Java VM: OpenJDK 64-Bit Server VM (25.242-b01 mixed mode windows-amd64 compressed oops)
Heap:
 PSYoungGen      total 670208K, used 215575K [0x00000000d5580000, 0x00000000fff00000, 0x0000000100000000)
  eden space 642560K, 31% used [0x00000000d5580000,0x00000000e194ef70,0x00000000fc900000)
  from space 27648K, 54% used [0x00000000fe400000,0x00000000ff2b6d80,0x00000000fff00000)
  to   space 27648K, 0% used [0x00000000fc900000,0x00000000fc900000,0x00000000fe400000)
 ParOldGen       total 153600K, used 104382K [0x0000000080000000, 0x0000000089600000, 0x00000000d5580000)
  object space 153600K, 67% used [0x0000000080000000,0x00000000865ef960,0x0000000089600000)
 Metaspace       used 118146K, capacity 127564K, committed 127832K, reserved 1161216K
  class space    used 15375K, capacity 16988K, committed 17024K, reserved 1048576K
GC Heap History (10 events):
Event: 1195.201 GC heap before
{Heap before GC invocations=32 (full 4):
 PSYoungGen      total 542208K, used 518263K [0x00000000d5580000, 0x00000000fef80000, 0x0000000100000000)
  eden space 512000K, 100% used [0x00000000d5580000,0x00000000f4980000,0x00000000f4980000)
  from space 30208K, 20% used [0x00000000f4980000,0x00000000f4f9dc68,0x00000000f6700000)
  to   space 30208K, 0% used [0x00000000fd200000,0x00000000fd200000,0x00000000fef80000)
 ParOldGen       total 153600K, used 97161K [0x0000000080000000, 0x0000000089600000, 0x00000000d5580000)
  object space 153600K, 63% used [0x0000000080000000,0x0000000085ee2638,0x0000000089600000)
 Metaspace       used 98273K, capacity 103378K, committed 103512K, reserved 1138688K
  class space    used 12768K, capacity 13675K, committed 13696K, reserved 1048576K
Event: 1195.318 GC heap after
Heap after GC invocations=32 (full 4):
 PSYoungGen      total 632320K, used 4455K [0x00000000d5580000, 0x00000000fe580000, 0x0000000100000000)
  eden space 612352K, 0% used [0x00000000d5580000,0x00000000d5580000,0x00000000fab80000)
  from space 19968K, 22% used [0x00000000fd200000,0x00000000fd659c70,0x00000000fe580000)
  to   space 29696K, 0% used [0x00000000fab80000,0x00000000fab80000,0x00000000fc880000)
 ParOldGen       total 153600K, used 101227K [0x0000000080000000, 0x0000000089600000, 0x00000000d5580000)
  object space 153600K, 65% used [0x0000000080000000,0x00000000862dacb0,0x0000000089600000)
 Metaspace       used 98273K, capacity 103378K, committed 103512K, reserved 1138688K
  class space    used 12768K, capacity 13675K, committed 13696K, reserved 1048576K
}
Event: 1482.507 GC heap before
{Heap before GC invocations=33 (full 4):
 PSYoungGen      total 632320K, used 616807K [0x00000000d5580000, 0x00000000fe580000, 0x0000000100000000)
  eden space 612352K, 100% used [0x00000000d5580000,0x00000000fab80000,0x00000000fab80000)
  from space 19968K, 22% used [0x00000000fd200000,0x00000000fd659c70,0x00000000fe580000)
  to   space 29696K, 0% used [0x00000000fab80000,0x00000000fab80000,0x00000000fc880000)
 ParOldGen       total 153600K, used 101227K [0x0000000080000000, 0x0000000089600000, 0x00000000d5580000)
  object space 153600K, 65% used [0x0000000080000000,0x00000000862dacb0,0x0000000089600000)
 Metaspace       used 101034K, capacity 106706K, committed 106840K, reserved 1142784K
  class space    used 13082K, capacity 14097K, committed 14208K, reserved 1048576K
Event: 1482.663 GC heap after
Heap after GC invocations=33 (full 4):
 PSYoungGen      total 642048K, used 8035K [0x00000000d5580000, 0x0000000100000000, 0x0000000100000000)
  eden space 612352K, 0% used [0x00000000d5580000,0x00000000d5580000,0x00000000fab80000)
  from space 29696K, 27% used [0x00000000fab80000,0x00000000fb358ea0,0x00000000fc880000)
  to   space 28672K, 0% used [0x00000000fe400000,0x00000000fe400000,0x0000000100000000)
 ParOldGen       total 153600K, used 102299K [0x0000000080000000, 0x0000000089600000, 0x00000000d5580000)
  object space 153600K, 66% used [0x0000000080000000,0x00000000863e6d30,0x0000000089600000)
 Metaspace       used 101034K, capacity 106706K, committed 106840K, reserved 1142784K
  class space    used 13082K, capacity 14097K, committed 14208K, reserved 1048576K
}
Event: 1897.420 GC heap before
{Heap before GC invocations=34 (full 4):
 PSYoungGen      total 642048K, used 620387K [0x00000000d5580000, 0x0000000100000000, 0x0000000100000000)
  eden space 612352K, 100% used [0x00000000d5580000,0x00000000fab80000,0x00000000fab80000)
  from space 29696K, 27% used [0x00000000fab80000,0x00000000fb358ea0,0x00000000fc880000)
  to   space 28672K, 0% used [0x00000000fe400000,0x00000000fe400000,0x0000000100000000)
 ParOldGen       total 153600K, used 102299K [0x0000000080000000, 0x0000000089600000, 0x00000000d5580000)
  object space 153600K, 66% used [0x0000000080000000,0x00000000863e6d30,0x0000000089600000)
 Metaspace       used 102301K, capacity 109156K, committed 109400K, reserved 1144832K
  class space    used 13245K, capacity 14394K, committed 14464K, reserved 1048576K
Event: 1897.520 GC heap after
Heap after GC invocations=34 (full 4):
 PSYoungGen      total 668160K, used 1760K [0x00000000d5580000, 0x00000000fff00000, 0x0000000100000000)
  eden space 640512K, 0% used [0x00000000d5580000,0x00000000d5580000,0x00000000fc700000)
  from space 27648K, 6% used [0x00000000fe400000,0x00000000fe5b8000,0x00000000fff00000)
  to   space 28672K, 0% used [0x00000000fc700000,0x00000000fc700000,0x00000000fe300000)
 ParOldGen       total 153600K, used 103759K [0x0000000080000000, 0x0000000089600000, 0x00000000d5580000)
  object space 153600K, 67% used [0x0000000080000000,0x0000000086553f20,0x0000000089600000)
 Metaspace       used 102301K, capacity 109156K, committed 109400K, reserved 1144832K
  class space    used 13245K, capacity 14394K, committed 14464K, reserved 1048576K
}
Event: 2596.196 GC heap before
{Heap before GC invocations=35 (full 4):
 PSYoungGen      total 668160K, used 642272K [0x00000000d5580000, 0x00000000fff00000, 0x0000000100000000)
  eden space 640512K, 100% used [0x00000000d5580000,0x00000000fc700000,0x00000000fc700000)
  from space 27648K, 6% used [0x00000000fe400000,0x00000000fe5b8000,0x00000000fff00000)
  to   space 28672K, 0% used [0x00000000fc700000,0x00000000fc700000,0x00000000fe300000)
 ParOldGen       total 153600K, used 103759K [0x0000000080000000, 0x0000000089600000, 0x00000000d5580000)
  object space 153600K, 67% used [0x0000000080000000,0x0000000086553f20,0x0000000089600000)
 Metaspace       used 104201K, capacity 112664K, committed 112984K, reserved 1146880K
  class space    used 13522K, capacity 14880K, committed 14976K, reserved 1048576K
Event: 2596.448 GC heap after
Heap after GC invocations=35 (full 4):
 PSYoungGen      total 669184K, used 7136K [0x00000000d5580000, 0x00000000fff00000, 0x0000000100000000)
  eden space 640512K, 0% used [0x00000000d5580000,0x00000000d5580000,0x00000000fc700000)
  from space 28672K, 24% used [0x00000000fc700000,0x00000000fcdf8040,0x00000000fe300000)
  to   space 27648K, 0% used [0x00000000fe400000,0x00000000fe400000,0x00000000fff00000)
 ParOldGen       total 153600K, used 104374K [0x0000000080000000, 0x0000000089600000, 0x00000000d5580000)
  object space 153600K, 67% used [0x0000000080000000,0x00000000865ed960,0x0000000089600000)
 Metaspace       used 104201K, capacity 112664K, committed 112984K, reserved 1146880K
  class space    used 13522K, capacity 14880K, committed 14976K, reserved 1048576K
}
Event: 7399.086 GC heap before
{Heap before GC invocations=36 (full 4):
 PSYoungGen      total 669184K, used 647648K [0x00000000d5580000, 0x00000000fff00000, 0x0000000100000000)
  eden space 640512K, 100% used [0x00000000d5580000,0x00000000fc700000,0x00000000fc700000)
  from space 28672K, 24% used [0x00000000fc700000,0x00000000fcdf8040,0x00000000fe300000)
  to   space 27648K, 0% used [0x00000000fe400000,0x00000000fe400000,0x00000000fff00000)
 ParOldGen       total 153600K, used 104374K [0x0000000080000000, 0x0000000089600000, 0x00000000d5580000)
  object space 153600K, 67% used [0x0000000080000000,0x00000000865ed960,0x0000000089600000)
 Metaspace       used 111779K, capacity 120754K, committed 120920K, reserved 1155072K
  class space    used 14424K, capacity 15880K, committed 16000K, reserved 1048576K
Event: 7400.195 GC heap after
Heap after GC invocations=36 (full 4):
 PSYoungGen      total 670208K, used 15067K [0x00000000d5580000, 0x00000000fff00000, 0x0000000100000000)
  eden space 642560K, 0% used [0x00000000d5580000,0x00000000d5580000,0x00000000fc900000)
  from space 27648K, 54% used [0x00000000fe400000,0x00000000ff2b6d80,0x00000000fff00000)
  to   space 27648K, 0% used [0x00000000fc900000,0x00000000fc900000,0x00000000fe400000)
 ParOldGen       total 153600K, used 104382K [0x0000000080000000, 0x0000000089600000, 0x00000000d5580000)
  object space 153600K, 67% used [0x0000000080000000,0x00000000865ef960,0x0000000089600000)
 Metaspace       used 111779K, capacity 120754K, committed 120920K, reserved 1155072K
  class space    used 14424K, capacity 15880K, committed 16000K, reserved 1048576K
}

